2023-01-22 16:48:58,637 : CONNECTED gQmppvMy_NCeEq93AAAB
2023-01-22 16:48:58,806 : START GAME gQmppvMy_NCeEq93AAAB
2023-01-22 16:49:02,979 : CONNECTED mp5e3632abFGfMhWAAAD
2023-01-22 16:49:03,170 : START GAME mp5e3632abFGfMhWAAAD
2023-01-22 16:49:20,340 : DISCONNECTED mp5e3632abFGfMhWAAAD
2023-01-22 16:49:20,340 : EXCEPTION     Один из игроков отсоединился. Начните с начала    mp5e3632abFGfMhWAAAD
2023-01-22 16:49:20,650 : CONNECTED NGVIJt3FSeJq0szAAAAF
2023-01-22 16:49:20,744 : START GAME NGVIJt3FSeJq0szAAAAF
2023-01-22 16:49:21,944 : DISCONNECTED gQmppvMy_NCeEq93AAAB
2023-01-22 16:49:21,944 : EXCEPTION     Один из игроков отсоединился. Начните с начала    gQmppvMy_NCeEq93AAAB
2023-01-22 16:49:22,412 : CONNECTED jgKfeCpLR6DVGthXAAAH
2023-01-22 16:49:22,489 : START GAME jgKfeCpLR6DVGthXAAAH
2023-01-22 16:49:23,315 : START GAME NGVIJt3FSeJq0szAAAAF
2023-01-22 16:49:28,904 : JOIN GAME jgKfeCpLR6DVGthXAAAH
2023-01-22 16:49:28,906 : DISCONNECTED jgKfeCpLR6DVGthXAAAH
2023-01-22 16:49:28,906 : EXCEPTION     Один из игроков отсоединился. Начните с начала    jgKfeCpLR6DVGthXAAAH
2023-01-22 16:49:28,915 : GET QUESTION NGVIJt3FSeJq0szAAAAF {'count': 3}
2023-01-22 16:49:29,323 : CONNECTED dPy-lX6JWEpDEFxIAAAJ
2023-01-22 16:49:29,354 : START GAME dPy-lX6JWEpDEFxIAAAJ
2023-01-22 16:49:31,033 : JOIN GAME dPy-lX6JWEpDEFxIAAAJ
2023-01-22 16:49:34,747 : PICK QUESTION NGVIJt3FSeJq0szAAAAF
2023-01-22 16:49:37,172 : GET QUESTION dPy-lX6JWEpDEFxIAAAJ {'count': 3}
2023-01-22 16:49:38,403 : PICK QUESTION dPy-lX6JWEpDEFxIAAAJ
2023-01-22 16:51:17,773 : CONNECTED IdwEtmLGEDe8ZusIAAAL
2023-01-22 16:51:17,887 : START GAME IdwEtmLGEDe8ZusIAAAL
2023-01-22 16:51:24,054 : DISCONNECTED IdwEtmLGEDe8ZusIAAAL
2023-01-22 16:51:24,055 : EXCEPTION     Один из игроков отсоединился. Начните с начала    IdwEtmLGEDe8ZusIAAAL
2023-01-22 16:51:24,482 : CONNECTED bJfZwpH_DIN0po-xAAAN
2023-01-22 16:51:24,527 : START GAME bJfZwpH_DIN0po-xAAAN
2023-01-22 16:51:34,288 : CONNECTED 4UT1d_tvrOm4hdHsAAAP
2023-01-22 16:51:34,449 : START GAME 4UT1d_tvrOm4hdHsAAAP
2023-01-22 16:51:38,153 : START GAME bJfZwpH_DIN0po-xAAAN
2023-01-22 16:51:47,577 : JOIN GAME 4UT1d_tvrOm4hdHsAAAP
2023-01-22 16:51:47,579 : DISCONNECTED 4UT1d_tvrOm4hdHsAAAP
2023-01-22 16:51:47,580 : EXCEPTION     Один из игроков отсоединился. Начните с начала    4UT1d_tvrOm4hdHsAAAP
2023-01-22 16:51:47,586 : GET QUESTION NGVIJt3FSeJq0szAAAAF {'count': 3}
2023-01-22 16:51:47,592 : GET QUESTION bJfZwpH_DIN0po-xAAAN {'count': 3}
2023-01-22 16:51:48,122 : CONNECTED yOZ_eqIhOP0WRKdTAAAR
2023-01-22 16:51:48,146 : START GAME yOZ_eqIhOP0WRKdTAAAR
2023-01-22 16:51:53,925 : JOIN GAME yOZ_eqIhOP0WRKdTAAAR
2023-01-22 16:52:02,185 : PICK QUESTION bJfZwpH_DIN0po-xAAAN
2023-01-22 16:52:04,802 : PICK QUESTION NGVIJt3FSeJq0szAAAAF
2023-01-22 16:52:08,090 : GET QUESTION dPy-lX6JWEpDEFxIAAAJ {'count': 3}
2023-01-22 16:52:09,111 : PICK QUESTION dPy-lX6JWEpDEFxIAAAJ
2023-01-22 16:52:47,584 : DISCONNECTED yOZ_eqIhOP0WRKdTAAAR
2023-01-22 16:52:47,584 : EXCEPTION     Один из игроков отсоединился. Начните с начала    yOZ_eqIhOP0WRKdTAAAR
2023-01-22 16:52:50,171 : GET QUESTION NGVIJt3FSeJq0szAAAAF {'count': 3}
2023-01-22 16:52:51,382 : PICK QUESTION NGVIJt3FSeJq0szAAAAF
2023-01-22 16:52:52,986 : GET QUESTION dPy-lX6JWEpDEFxIAAAJ {'count': 3}
2023-01-22 16:52:53,628 : PICK QUESTION dPy-lX6JWEpDEFxIAAAJ
2023-01-22 16:53:57,237 : DISCONNECTED bJfZwpH_DIN0po-xAAAN
2023-01-22 16:53:57,237 : EXCEPTION     Один из игроков отсоединился. Начните с начала    bJfZwpH_DIN0po-xAAAN
2023-01-22 17:14:43,370 : DISCONNECTED NGVIJt3FSeJq0szAAAAF
2023-01-22 17:14:43,371 : EXCEPTION     Один из игроков отсоединился. Начните с начала    NGVIJt3FSeJq0szAAAAF
2023-01-22 17:14:43,376 : DISCONNECTED dPy-lX6JWEpDEFxIAAAJ
2023-01-22 17:14:43,377 : EXCEPTION     Один из игроков отсоединился. Начните с начала    dPy-lX6JWEpDEFxIAAAJ
2023-01-22 17:14:44,386 : CONNECTED n8svOTnHsAWrN2XCAAAB
2023-01-22 17:14:44,412 : START GAME n8svOTnHsAWrN2XCAAAB
2023-01-22 17:14:48,643 : CONNECTED 6OlKaL04ITb3AvTWAAAD
2023-01-22 17:14:48,655 : START GAME 6OlKaL04ITb3AvTWAAAD
2023-01-22 17:15:53,140 : DISCONNECTED n8svOTnHsAWrN2XCAAAB
2023-01-22 17:15:53,140 : EXCEPTION     Один из игроков отсоединился. Начните с начала    n8svOTnHsAWrN2XCAAAB
2023-01-22 17:15:53,144 : DISCONNECTED 6OlKaL04ITb3AvTWAAAD
2023-01-22 17:15:53,144 : EXCEPTION     Один из игроков отсоединился. Начните с начала    6OlKaL04ITb3AvTWAAAD
2023-01-22 17:15:54,327 : CONNECTED YJVCcnTaOXgcoxTuAAAB
2023-01-22 17:15:54,332 : START GAME YJVCcnTaOXgcoxTuAAAB
2023-01-22 17:15:54,389 : CONNECTED YGe3eyaHrVsgzQT4AAAD
2023-01-22 17:15:54,395 : START GAME YGe3eyaHrVsgzQT4AAAD
2023-01-22 17:16:26,564 : DISCONNECTED YJVCcnTaOXgcoxTuAAAB
2023-01-22 17:16:26,564 : EXCEPTION     Один из игроков отсоединился. Начните с начала    YJVCcnTaOXgcoxTuAAAB
2023-01-22 17:16:26,573 : DISCONNECTED YGe3eyaHrVsgzQT4AAAD
2023-01-22 17:16:26,573 : EXCEPTION     Один из игроков отсоединился. Начните с начала    YGe3eyaHrVsgzQT4AAAD
2023-01-22 17:16:27,732 : CONNECTED OsQdMtWqEGv1juI5AAAB
2023-01-22 17:16:27,765 : START GAME OsQdMtWqEGv1juI5AAAB
2023-01-22 17:16:27,980 : CONNECTED nhttkwNnYlT-ijDLAAAD
2023-01-22 17:16:27,986 : START GAME nhttkwNnYlT-ijDLAAAD
2023-01-22 17:16:41,896 : DISCONNECTED OsQdMtWqEGv1juI5AAAB
2023-01-22 17:16:41,896 : EXCEPTION     Один из игроков отсоединился. Начните с начала    OsQdMtWqEGv1juI5AAAB
2023-01-22 17:16:41,898 : DISCONNECTED nhttkwNnYlT-ijDLAAAD
2023-01-22 17:16:41,898 : EXCEPTION     Один из игроков отсоединился. Начните с начала    nhttkwNnYlT-ijDLAAAD
2023-01-22 17:16:42,983 : CONNECTED tNLXXZaQmD268S8uAAAB
2023-01-22 17:16:42,992 : START GAME tNLXXZaQmD268S8uAAAB
2023-01-22 17:16:43,125 : CONNECTED uvx41cROgAtpXjPTAAAD
2023-01-22 17:16:43,137 : START GAME uvx41cROgAtpXjPTAAAD
